<?xml version="1.0" encoding="UTF-8"?>
<!-- Generated by org.testng.reporters.JUnitReportReporter -->
<testsuite hostname="DESKTOP-DUCINAJ" name="com.qa.tests.GetAPITest" tests="2" failures="0" timestamp="27 Mar 2019 04:56:41 GMT" time="5.689" errors="0">
  <testcase name="getAPITest" time="4.121" classname="com.qa.tests.GetAPITest"/>
  <testcase name="getAPITestwithHeaders" time="1.568" classname="com.qa.tests.GetAPITest"/>
</testsuite> <!-- com.qa.tests.GetAPITest -->
