<?xml version="1.0" encoding="UTF-8"?>
<!-- Generated by org.testng.reporters.JUnitReportReporter -->
<testsuite hostname="DESKTOP-DUCINAJ" name="com.qa.tests.PostAPITest" tests="1" failures="0" timestamp="27 Mar 2019 17:11:52 GMT" time="2.512" errors="0">
  <testcase name="PostAPITest" time="2.512" classname="com.qa.tests.PostAPITest"/>
</testsuite> <!-- com.qa.tests.PostAPITest -->
